<?xml version="1.0" encoding="UTF-8"?>
<testsuite xmlns:xsi="http://www.w3.org/2001/XMLSchema-instance" xsi:noNamespaceSchemaLocation="https://maven.apache.org/surefire/maven-surefire-plugin/xsd/surefire-test-report-3.0.xsd" version="3.0" name="GetOrdersTests" time="5.143" tests="2" errors="0" skipped="0" failures="0">
  <properties>
[...]
</properties>
  <testcase name="successGetOrdersOfUser" classname="GetOrdersTests" time="3.36"/>
  <testcase name="errorGetOrdersOfUserUnauthorized" classname="GetOrdersTests" time="1.763"/>
</testsuite>